<?xml version="1.0" encoding="UTF-8"?>
<testng-results ignored="0" total="1" passed="1" failed="0" skipped="0">
  <reporter-output>
  </reporter-output>
  <suite started-at="2025-04-19T21:36:32 IST" name="Default suite" finished-at="2025-04-19T21:38:42 IST" duration-ms="130150">
    <groups>
    </groups>
    <test started-at="2025-04-19T21:36:32 IST" name="Default test" finished-at="2025-04-19T21:38:42 IST" duration-ms="130150">
      <class name="testcases.LoginTest">
        <test-method is-config="true" signature="setup()[pri:0, instance:testcases.LoginTest@247bddad]" started-at="2025-04-19T21:36:32 IST" name="setup" finished-at="2025-04-19T21:37:52 IST" duration-ms="79527" status="PASS">
          <reporter-output>
          </reporter-output>
        </test-method> <!-- setup -->
        <test-method signature="validLogintest()[pri:0, instance:testcases.LoginTest@247bddad]" started-at="2025-04-19T21:37:52 IST" name="validLogintest" finished-at="2025-04-19T21:38:42 IST" duration-ms="50316" status="PASS">
          <reporter-output>
          </reporter-output>
        </test-method> <!-- validLogintest -->
        <test-method is-config="true" signature="teardown()[pri:0, instance:testcases.LoginTest@247bddad]" started-at="2025-04-19T21:38:42 IST" name="teardown" finished-at="2025-04-19T21:38:42 IST" duration-ms="272" status="PASS">
          <reporter-output>
          </reporter-output>
        </test-method> <!-- teardown -->
      </class> <!-- testcases.LoginTest -->
    </test> <!-- Default test -->
  </suite> <!-- Default suite -->
</testng-results>
